<?xml version="1.0" encoding="UTF-8"?>
<!-- Generated by org.testng.reporters.JUnitXMLReporter -->
<testsuite hostname="DESKTOP-J6JSICM" ignored="0" name="Validating navigation bar" tests="1" failures="1" timestamp="2020-02-10T21:06:30 IST" time="24.984" errors="0">
  <testcase name="verifyTitle1" time="0.128" classname="academy.NavigationBarTC">
    <failure type="java.lang.AssertionError" message="expected [FEATURED COURSES1] but found [FEATURED COURSES]">
      <![CDATA[java.lang.AssertionError: expected [FEATURED COURSES1] but found [FEATURED COURSES]
at academy.NavigationBarTC.verifyTitle1(NavigationBarTC.java:25)
at java.util.ArrayList.forEach(ArrayList.java:1257)
... Removed 36 stack frames]]>
    </failure>
  </testcase> <!-- verifyTitle1 -->
</testsuite> <!-- Validating navigation bar -->
