<?xml version="1.0" encoding="UTF-8"?>
<!-- Generated by org.testng.reporters.JUnitXMLReporter -->
<testsuite hostname="DESKTOP-J6JSICM" ignored="0" name="Validating title" tests="1" failures="1" timestamp="2020-02-10T21:06:05 IST" time="27.169" errors="0">
  <testcase name="verifyTitle" time="0.16" classname="academy.ValidateTitleTC">
    <failure type="java.lang.AssertionError" message="expected [FEATURED1 COURSES] but found [FEATURED COURSES]">
      <![CDATA[java.lang.AssertionError: expected [FEATURED1 COURSES] but found [FEATURED COURSES]
at academy.ValidateTitleTC.verifyTitle(ValidateTitleTC.java:25)
at java.util.ArrayList.forEach(ArrayList.java:1257)
... Removed 36 stack frames]]>
    </failure>
  </testcase> <!-- verifyTitle -->
</testsuite> <!-- Validating title -->
