<?xml version="1.0" encoding="UTF-8"?>
<testsuite xmlns:xsi="http://www.w3.org/2001/XMLSchema-instance" xsi:noNamespaceSchemaLocation="https://maven.apache.org/surefire/maven-surefire-plugin/xsd/surefire-test-report.xsd" name="TestSuite" time="54.622" tests="2" errors="0" skipped="0" failures="2">
  <properties>
[...]
</properties>
  <testcase name="verifyTitle" classname="academy.ValidateTitleTC" time="0.172">
    <failure message="expected [FEATURED1 COURSES] but found [FEATURED COURSES]" type="java.lang.AssertionError">java.lang.AssertionError: expected [FEATURED1 COURSES] but found [FEATURED COURSES]
	at academy.ValidateTitleTC.verifyTitle(ValidateTitleTC.java:25)
</failure>
    <system-err><![CDATA[Starting ChromeDriver 79.0.3945.36 (3582db32b33893869b8c1339e8f4d9ed1816f143-refs/branch-heads/3945@{#614}) on port 43150
Only local connections are allowed.
Please protect ports used by ChromeDriver and related test frameworks to prevent access by malicious code.
[1581348941.399][WARNING]: This version of ChromeDriver has not been tested with Chrome version 80.
[1581348943.407][WARNING]: Timed out connecting to Chrome, retrying...
Feb 10, 2020 9:05:45 PM org.openqa.selenium.remote.ProtocolHandshake createSession
INFO: Detected dialect: W3C
[1581348947.521][WARNING]: Timed out connecting to Chrome, retrying...
]]></system-err>
  </testcase>
  <testcase name="verifyTitle1" classname="academy.NavigationBarTC" time="0.125">
    <failure message="expected [FEATURED COURSES1] but found [FEATURED COURSES]" type="java.lang.AssertionError">java.lang.AssertionError: expected [FEATURED COURSES1] but found [FEATURED COURSES]
	at academy.NavigationBarTC.verifyTitle1(NavigationBarTC.java:25)
</failure>
    <system-err><![CDATA[Starting ChromeDriver 79.0.3945.36 (3582db32b33893869b8c1339e8f4d9ed1816f143-refs/branch-heads/3945@{#614}) on port 13095
Only local connections are allowed.
Please protect ports used by ChromeDriver and related test frameworks to prevent access by malicious code.
[1581348967.226][WARNING]: This version of ChromeDriver has not been tested with Chrome version 80.
[1581348969.237][WARNING]: Timed out connecting to Chrome, retrying...
Feb 10, 2020 9:06:11 PM org.openqa.selenium.remote.ProtocolHandshake createSession
INFO: Detected dialect: W3C
[1581348973.273][WARNING]: Timed out connecting to Chrome, retrying...
]]></system-err>
  </testcase>
</testsuite>